1563287006157	mozrunner::runner	INFO	Running command: "C:\\Program Files\\Mozilla Firefox\\firefox.exe" "-marionette" "-foreground" "-no-remote" "-profile" "C:\\Users\\ad\\AppData\\Local\\Temp\\rust_mozprofile.yoS2xPIAAcLG"
1563287008802	addons.webextension.screenshots@mozilla.org	WARN	Loading extension 'screenshots@mozilla.org': Reading manifest: Invalid extension permission: mozillaAddons
1563287008803	addons.webextension.screenshots@mozilla.org	WARN	Loading extension 'screenshots@mozilla.org': Reading manifest: Invalid extension permission: telemetry
1563287008803	addons.webextension.screenshots@mozilla.org	WARN	Loading extension 'screenshots@mozilla.org': Reading manifest: Invalid extension permission: resource://pdf.js/
1563287008804	addons.webextension.screenshots@mozilla.org	WARN	Loading extension 'screenshots@mozilla.org': Reading manifest: Invalid extension permission: about:reader*
1563287017096	Marionette	INFO	Listening on port 49278
1563287017196	Marionette	WARN	TLS certificate errors will be ignored for this session
console.error: BroadcastService: 
  receivedBroadcastMessage: handler for
  remote-settings/monitor_changes
  threw error:
  Message: Error: Polling for changes failed: http://%(server)s/dummy/blocklist//buckets/monitor/collections/changes/records?_expected=%221563235208152%22 is not a valid URL..
  Stack:
    remoteSettingsFunction/remoteSettings.pollChanges@resource://services-settings/remote-settings.js:201:13

console.error: "Error while calling actor 'pagestyle's method 'getLayout'" "node is null"
console.error: "getLayout@resource://devtools/server/actors/styles.js:832:5\nhandler@resource://devtools/shared/protocol.js:1189:37\nonPacket@resource://devtools/server/main.js:1291:58\nreceiveMessage@resource://devtools/shared/transport/child-transport.js:66:16\n"
console.error: "Protocol error (unknownError): node is null"
console.error: (new TypeError("rep is not a function", "resource://devtools/client/shared/components/reps/reps.js", 4309))
console.error: "Error while calling actor 'pagestyle's method 'getLayout'" "node is null"
console.error: "getLayout@resource://devtools/server/actors/styles.js:832:5\nhandler@resource://devtools/shared/protocol.js:1189:37\nonPacket@resource://devtools/server/main.js:1291:58\nreceiveMessage@resource://devtools/shared/transport/child-transport.js:66:16\n"
console.error: "Protocol error (unknownError): node is null"
JavaScript error: resource:///modules/ZoomUI.jsm, line 67: TypeError: aBrowser is null
JavaScript error: resource:///modules/ZoomUI.jsm, line 67: TypeError: aBrowser is null
JavaScript error: resource:///modules/ZoomUI.jsm, line 67: TypeError: aBrowser is null
JavaScript error: resource:///modules/ZoomUI.jsm, line 67: TypeError: aBrowser is null
JavaScript error: resource:///modules/ZoomUI.jsm, line 67: TypeError: aBrowser is null
JavaScript error: resource:///modules/ZoomUI.jsm, line 67: TypeError: aBrowser is null
JavaScript error: resource:///modules/ZoomUI.jsm, line 67: TypeError: aBrowser is null
JavaScript error: resource:///modules/ZoomUI.jsm, line 67: TypeError: aBrowser is null
JavaScript error: resource:///modules/ZoomUI.jsm, line 67: TypeError: aBrowser is null
JavaScript error: resource:///modules/ZoomUI.jsm, line 67: TypeError: aBrowser is null
JavaScript error: resource:///modules/ZoomUI.jsm, line 67: TypeError: aBrowser is null
JavaScript error: resource:///modules/ZoomUI.jsm, line 67: TypeError: aBrowser is null
JavaScript error: resource:///modules/ZoomUI.jsm, line 67: TypeError: aBrowser is null
console.warn: "Error while detaching the thread front: 'detach' request packet to 'server1.conn0.child1/context18' can't be sent as the connection is closed."
JavaScript error: resource:///modules/ZoomUI.jsm, line 67: TypeError: aBrowser is null
JavaScript error: resource:///modules/ZoomUI.jsm, line 67: TypeError: aBrowser is null
JavaScript error: resource:///modules/ZoomUI.jsm, line 67: TypeError: aBrowser is null
JavaScript error: resource:///modules/ZoomUI.jsm, line 67: TypeError: aBrowser is null
JavaScript error: resource:///modules/ZoomUI.jsm, line 67: TypeError: aBrowser is null
JavaScript error: resource:///modules/ZoomUI.jsm, line 67: TypeError: aBrowser is null
console.error: "Error while calling actor 'pagestyle's method 'getLayout'" "node is null"
console.error: "getLayout@resource://devtools/server/actors/styles.js:832:5\nhandler@resource://devtools/shared/protocol.js:1189:37\nonPacket@resource://devtools/server/main.js:1291:58\nreceiveMessage@resource://devtools/shared/transport/child-transport.js:66:16\n"
console.error: "Protocol error (unknownError): node is null"
console.error: (new TypeError("rep is not a function", "resource://devtools/client/shared/components/reps/reps.js", 4309))
console.error: "Error while calling actor 'pagestyle's method 'getLayout'" "node is null"
console.error: "getLayout@resource://devtools/server/actors/styles.js:832:5\nhandler@resource://devtools/shared/protocol.js:1189:37\nonPacket@resource://devtools/server/main.js:1291:58\nreceiveMessage@resource://devtools/shared/transport/child-transport.js:66:16\n"
console.error: "Protocol error (unknownError): node is null"
console.error: "Error while calling actor 'pagestyle's method 'getLayout'" "node is null"
console.error: "getLayout@resource://devtools/server/actors/styles.js:832:5\nhandler@resource://devtools/shared/protocol.js:1189:37\nonPacket@resource://devtools/server/main.js:1291:58\nreceiveMessage@resource://devtools/shared/transport/child-transport.js:66:16\n"
console.error: "Protocol error (unknownError): node is null"
JavaScript error: resource:///modules/ZoomUI.jsm, line 67: TypeError: aBrowser is null
console.warn: "Error while detaching the thread front: 'detach' request packet to 'server1.conn1.child1/context18' can't be sent as the connection is closed."
[Child 3924, Chrome_ChildThread] WARNING: pipe error: 109: file z:/task_1562361253/build/src/ipc/chromium/src/chrome/common/ipc_channel_win.cc, line 341
[Child 3924, Chrome_ChildThread] WARNING: pipe error: 109: file z:/task_1562361253/build/src/ipc/chromium/src/chrome/common/ipc_channel_win.cc, line 341
[Child 1900, Chrome_ChildThread] WARNING: pipe error: 109: file z:/task_1562361253/build/src/ipc/chromium/src/chrome/common/ipc_channel_win.cc, line 341
[Child 1900, Chrome_ChildThread] WARNING: pipe error: 109: file z:/task_15623612[Child 3936, Chrome_ChildThread] WARNING: pipe error: 109: file z:/task_1562361253/build/src/ipc/chromium/src/chrome/common/ipc_channel_win.cc, line 341
[Child 3936, Chrome_ChildThread] WARNING: pipe error: 109: file z:/task_1562361253/build/src/ipc/chromium/src/chrome/common/ipc_channel_win.cc, line 341
1563288080284	Marionette	INFO	Stopped listening on port 49278
1563290401613	mozrunner::runner	INFO	Running command: "C:\\Program Files\\Mozilla Firefox\\firefox.exe" "-marionette" "-foreground" "-no-remote" "-profile" "C:\\Users\\ad\\AppData\\Local\\Temp\\rust_mozprofile.dvvDVrnZBmmA"
1563290403640	addons.webextension.screenshots@mozilla.org	WARN	Loading extension 'screenshots@mozilla.org': Reading manifest: Invalid extension permission: mozillaAddons
1563290403640	addons.webextension.screenshots@mozilla.org	WARN	Loading extension 'screenshots@mozilla.org': Reading manifest: Invalid extension permission: telemetry
1563290403641	addons.webextension.screenshots@mozilla.org	WARN	Loading extension 'screenshots@mozilla.org': Reading manifest: Invalid extension permission: resource://pdf.js/
1563290403641	addons.webextension.screenshots@mozilla.org	WARN	Loading extension 'screenshots@mozilla.org': Reading manifest: Invalid extension permission: about:reader*
1563290410044	Marionette	INFO	Listening on port 51306
1563290410158	Marionette	WARN	TLS certificate errors will be ignored for this session
console.error: BroadcastService: 
  receivedBroadcastMessage: handler for
  remote-settings/monitor_changes
  threw error:
  Message: Error: Polling for changes failed: http://%(server)s/dummy/blocklist//buckets/monitor/collections/changes/records?_expected=%221563235208152%22 is not a valid URL..
  Stack:
    remoteSettingsFunction/remoteSettings.pollChanges@resource://services-settings/remote-settings.js:201:13

[Child 1144, Chrome_ChildThread] WARNING: pipe error: 109: file z:/task_1562361253/build/src/ipc/chromium/src/chrome/common/ipc_channel_win.cc, line 341
[Child 1144, Chrome_ChildThread] WARNING: pipe error: 109: file z[Parent 1876, Gecko_IOThread] WARNING: file z:/task_1562361253/build/src/ipc/chromium/src/base/process_util_win.cc, line 160
1563290531785	Marionette	INFO	Stopped listening on port 51306

###!!! [Parent][RunMessage] Error: Channel closing: too late to send/recv, messages will be lost

1563291306873	mozrunner::runner	INFO	Running command: "C:\\Program Files\\Mozilla Firefox\\firefox.exe" "-marionette" "-foreground" "-no-remote" "-profile" "C:\\Users\\ad\\AppData\\Local\\Temp\\rust_mozprofile.IIXa8p0xXnLp"
1563291309425	addons.webextension.screenshots@mozilla.org	WARN	Loading extension 'screenshots@mozilla.org': Reading manifest: Invalid extension permission: mozillaAddons
1563291309426	addons.webextension.screenshots@mozilla.org	WARN	Loading extension 'screenshots@mozilla.org': Reading manifest: Invalid extension permission: telemetry
1563291309427	addons.webextension.screenshots@mozilla.org	WARN	Loading extension 'screenshots@mozilla.org': Reading manifest: Invalid extension permission: resource://pdf.js/
1563291309427	addons.webextension.screenshots@mozilla.org	WARN	Loading extension 'screenshots@mozilla.org': Reading manifest: Invalid extension permission: about:reader*
1563291314727	Marionette	INFO	Listening on port 51588
1563291314841	Marionette	WARN	TLS certificate errors will be ignored for this session
[Child 6068, Chrome_ChildThread] WARNING: pipe error: 109: file z:/task_1562361253/build/src/ipc/chromium/src/chrome/common/ipc_channel_win.cc, line 341
[Child 6068, Chrome_ChildThread] WARNING: pipe error: 109: file z:/task_1562361253/build/src/ipc/chromium/src/chrome/common/ipc_channel_win.cc, line 341
[Child 256, Chrome_ChildThread] WARNING: pipe error: 109: file z:/task_1562361253/build/src/ipc/chromium/src/chrome/common/ipc_channel_win.cc, line 341
[Child 256, Chrome_ChildThread] WARNING: pipe error: 109: file z:/task_1562361253/build/src/ipc/chromium/src/chrome/common/ipc_channel_win.cc, line 341
1563291348165	Marionette	INFO	Stopped listening on port 51588
1563291850641	mozrunner::runner	INFO	Running command: "C:\\Program Files\\Mozilla Firefox\\firefox.exe" "-marionette" "-foreground" "-no-remote" "-profile" "C:\\Users\\ad\\AppData\\Local\\Temp\\rust_mozprofile.PO5wHtcjQu2f"
1563291855173	addons.webextension.screenshots@mozilla.org	WARN	Loading extension 'screenshots@mozilla.org': Reading manifest: Invalid extension permission: mozillaAddons
1563291855174	addons.webextension.screenshots@mozilla.org	WARN	Loading extension 'screenshots@mozilla.org': Reading manifest: Invalid extension permission: telemetry
1563291855175	addons.webextension.screenshots@mozilla.org	WARN	Loading extension 'screenshots@mozilla.org': Reading manifest: Invalid extension permission: resource://pdf.js/
1563291855175	addons.webextension.screenshots@mozilla.org	WARN	Loading extension 'screenshots@mozilla.org': Reading manifest: Invalid extension permission: about:reader*
1563291865298	Marionette	INFO	Listening on port 51623
1563291865825	Marionette	WARN	TLS certificate errors will be ignored for this session
console.error: BroadcastService: 
  receivedBroadcastMessage: handler for
  remote-settings/monitor_changes
  threw error:
  Message: Error: Polling for changes failed: http://%(server)s/dummy/blocklist//buckets/monitor/collections/changes/records?_expected=%221563235208152%22 is not a valid URL..
  Stack:
    remoteSettingsFunction/remoteSettings.pollChanges@resource://services-settings/remote-settings.js:201:13

[Parent 4968, Gecko_IOThread] WARNING: pipe error: 109: file z:/task_1562361253/build/src/ipc/chromium/src/chrome/common/ipc_channel_win.cc, line 341
[Child 1800, Chrome_ChildThread] WARNING: pipe error: 109: file z:/task_1562361253/build/src/ipc/chromium/src/chrome/common/ipc_channel_win.cc, line 341
[Child 5356, Chrome_ChildThread] WARNING: pipe error: 109: file z:/task_1562361253/build/src/ipc/chromium/src/chrome/common/ipc_channel_win.cc, line 341
[Child 5356, Chrome_ChildThread] WARNING: pipe error: 109: file z:/task_1562361253/build/src/ipc/chromium/src/chrome/common/ipc_channel_win.cc, line 341
[Parent 4968, Gecko_IOThread] WARNING: pipe error: 109: file z:/task_1562361253/build/src/ipc/chromium/src/chrome/common/ipc_channel_win.cc, line 341
[Child 912, Chrome_ChildThread] WARNING: pipe error: 109: file z:/task_1562361253/build/src/ipc/chromium/src/chrome/common/ipc_channel_win.cc, line 341
[Child 912, Chrome_ChildThread] WARNING: pipe error: 109: file z:/task_1562361253/build/src/ipc/chromium/src/chrome/common/ipc_channel_win.cc, line 341
1563291967383	Marionette	INFO	Stopped listening on port 51623
1563294183098	mozrunner::runner	INFO	Running command: "C:\\Program Files\\Mozilla Firefox\\firefox.exe" "-marionette" "-foreground" "-no-remote" "-profile" "C:\\Users\\ad\\AppData\\Local\\Temp\\rust_mozprofile.ACswORTwxGtI"
1563294184755	addons.webextension.screenshots@mozilla.org	WARN	Loading extension 'screenshots@mozilla.org': Reading manifest: Invalid extension permission: mozillaAddons
1563294184755	addons.webextension.screenshots@mozilla.org	WARN	Loading extension 'screenshots@mozilla.org': Reading manifest: Invalid extension permission: telemetry
1563294184756	addons.webextension.screenshots@mozilla.org	WARN	Loading extension 'screenshots@mozilla.org': Reading manifest: Invalid extension permission: resource://pdf.js/
1563294184756	addons.webextension.screenshots@mozilla.org	WARN	Loading extension 'screenshots@mozilla.org': Reading manifest: Invalid extension permission: about:reader*
1563294190711	Marionette	INFO	Listening on port 51718
1563294191028	Marionette	WARN	TLS certificate errors will be ignored for this session
1563294268822	Marionette	INFO	Stopped listening on port 51718
1563294277626	mozrunner::runner	INFO	Running command: "C:\\Program Files\\Mozilla Firefox\\firefox.exe" "-marionette" "-foreground" "-no-remote" "-profile" "C:\\Users\\ad\\AppData\\Local\\Temp\\rust_mozprofile.H9RI8YRTiif6"
1563294278981	addons.webextension.screenshots@mozilla.org	WARN	Loading extension 'screenshots@mozilla.org': Reading manifest: Invalid extension permission: mozillaAddons
1563294278982	addons.webextension.screenshots@mozilla.org	WARN	Loading extension 'screenshots@mozilla.org': Reading manifest: Invalid extension permission: telemetry
1563294278983	addons.webextension.screenshots@mozilla.org	WARN	Loading extension 'screenshots@mozilla.org': Reading manifest: Invalid extension permission: resource://pdf.js/
1563294278983	addons.webextension.screenshots@mozilla.org	WARN	Loading extension 'screenshots@mozilla.org': Reading manifest: Invalid extension permission: about:reader*
1563294283879	Marionette	INFO	Listening on port 51812
1563294283916	Marionette	WARN	TLS certificate errors will be ignored for this session
[Child 5464, Chrome_ChildThread] WARNING: pipe error: 109: file z:/task_1562361253/build/src/ipc/chromium/src/chrome/common/ipc_channel_win.cc, line 341
[Child 5464, Chrome_ChildThread] WARNING: pipe error: 109: file z:/task_1562361253/build/src/ipc/chromium/src/chrome/common/ipc_channel_win.cc, line 341
[Child 5184, Chrome_ChildThread] WARNING: pipe error: 109: file z:/task_1562361253/build/src/ipc/chromium/src/chrome/common/ipc_channel_win.cc, line 341
[Parent 2784, Gecko_IOThread] WARNING: file z:/task_1562361253/build/src/ipc/chromium/src/base/process_util_win.cc, line 160
1563294541501	Marionette	INFO	Stopped listening on port 51812
1563294549590	mozrunner::runner	INFO	Running command: "C:\\Program Files\\Mozilla Firefox\\firefox.exe" "-marionette" "-foreground" "-no-remote" "-profile" "C:\\Users\\ad\\AppData\\Local\\Temp\\rust_mozprofile.eGzJaBvLupwh"
1563294551108	addons.webextension.screenshots@mozilla.org	WARN	Loading extension 'screenshots@mozilla.org': Reading manifest: Invalid extension permission: mozillaAddons
1563294551108	addons.webextension.screenshots@mozilla.org	WARN	Loading extension 'screenshots@mozilla.org': Reading manifest: Invalid extension permission: telemetry
1563294551109	addons.webextension.screenshots@mozilla.org	WARN	Loading extension 'screenshots@mozilla.org': Reading manifest: Invalid extension permission: resource://pdf.js/
1563294551109	addons.webextension.screenshots@mozilla.org	WARN	Loading extension 'screenshots@mozilla.org': Reading manifest: Invalid extension permission: about:reader*
1563294556112	Marionette	INFO	Listening on port 51942
1563294556254	Marionette	WARN	TLS certificate errors will be ignored for this session
console.error: BroadcastService: 
  receivedBroadcastMessage: handler for
  remote-settings/monitor_changes
  threw error:
  Message: Error: Polling for changes failed: http://%(server)s/dummy/blocklist//buckets/monitor/collections/changes/records?_expected=%221563293082932%22 is not a valid URL..
  Stack:
    remoteSettingsFunction/remoteSettings.pollChanges@resource://services-settings/remote-settings.js:201:13

JavaScript error: https://abs.twimg.com/k/en/init.en.e1eafef58a0273a2c0c8.js, line 2: SecurityError: The operation is insecure.
JavaScript error: https://abs.twimg.com/k/en/init.en.e1eafef58a0273a2c0c8.js, line 2: SecurityError: The operation is insecure.
JavaScript error: https://abs.twimg.com/k/en/init.en.e1eafef58a0273a2c0c8.js, line 2: SecurityError: The operation is insecure.
JavaScript error: https://abs.twimg.com/k/en/init.en.e1eafef58a0273a2c0c8.js, line 2: SecurityError: The operation is insecure.
JavaScript error: https://abs.twimg.com/k/en/init.en.e1eafef58a0273a2c0c8.js, line 2: SecurityError: The operation is insecure.
JavaScript error: https://abs.twimg.com/k/en/init.en.e1eafef58a0273a2c0c8.js, line 2: SecurityError: The operation is insecure.
JavaScript error: https://abs.twimg.com/k/en/init.en.e1eafef58a0273a2c0c8.js, line 2: SecurityError: The operation is insecure.
JavaScript error: https://abs.twimg.com/k/en/init.en.e1eafef58a0273a2c0c8.js, line 2: SecurityError: The operation is insecure.
JavaScript error: https://abs.twimg.com/k/en/init.en.e1eafef58a0273a2c0c8.js, line 2: SecurityError: The operation is insecure.
JavaScript error: https://abs.twimg.com/k/en/init.en.e1eafef58a0273a2c0c8.js, line 2: SecurityError: The operation is insecure.
JavaScript error: https://abs.twimg.com/k/en/init.en.e1eafef58a0273a2c0c8.js, line 2: SecurityError: The operation is insecure.
JavaScript error: https://abs.twimg.com/k/en/init.en.e1eafef58a0273a2c0c8.js, line 2: SecurityError: The operation is insecure.
JavaScript error: https://abs.twimg.com/k/en/init.en.e1eafef58a0273a2c0c8.js, line 2: SecurityError: The operation is insecure.
console.error: BroadcastService: 
  receivedBroadcastMessage: handler for
  remote-settings/monitor_changes
  threw error:
  Message: Error: Polling for changes failed: http://%(server)s/dummy/blocklist//buckets/monitor/collections/changes/records?_expected=%221563295124689%22 is not a valid URL..
  Stack:
    remoteSettingsFunction/remoteSettings.pollChanges@resource://services-settings/remote-settings.js:201:13

JavaScript error: https://abs.twimg.com/k/en/init.en.e1eafef58a0273a2c0c8.js, line 2: SecurityError: The operation is insecure.
JavaScript error: https://abs.twimg.com/k/en/init.en.e1eafef58a0273a2c0c8.js, line 2: SecurityError: The operation is insecure.
JavaScript error: https://abs.twimg.com/k/en/init.en.e1eafef58a0273a2c0c8.js, line 2: SecurityError: The operation is insecure.
[Child 2684, Chrome_ChildThread] WARNING: pipe error: 109: file z:/task_1562361253/build/src/ipc/chromium/src/chrome/common/ipc_channel_win.cc, line 341
[Child 2684, Chrome_ChildThread] WARNING: pipe error: 109: file z:/task_1562361253/build/src/ipc/chromium/src/chrome/common/ipc_channel_win.cc, line 341
[Child 3796, Chrome_ChildThread] WARNING: pipe error: 109: file z:/task_1562361253/build/src/ipc/chromium/src/chrome/common/ipc_channel_win.cc, line 341
1563295325682	Marionette	INFO	Stopped listening on port 51942
